{"C:\\Users\\ofeka\\Documents\\מדעי המחשב\\Year C\\Semester A\\web application\\Assignments\\assignment\\Web-Application-First-assignment\\src\\server.ts": {"path":"C:\\Users\\ofeka\\Documents\\מדעי המחשב\\Year C\\Semester A\\web application\\Assignments\\assignment\\Web-Application-First-assignment\\src\\server.ts","statementMap":{"0":{"start":{"line":1,"column":0},"end":{"line":1,"column":43}},"1":{"start":{"line":2,"column":0},"end":{"line":2,"column":28}},"2":{"start":{"line":3,"column":0},"end":{"line":3,"column":16}},"3":{"start":{"line":4,"column":0},"end":{"line":4,"column":32}},"4":{"start":{"line":5,"column":0},"end":{"line":5,"column":37}},"5":{"start":{"line":6,"column":0},"end":{"line":6,"column":47}},"6":{"start":{"line":7,"column":0},"end":{"line":7,"column":53}},"7":{"start":{"line":8,"column":0},"end":{"line":8,"column":45}},"8":{"start":{"line":9,"column":0},"end":{"line":9,"column":41}},"9":{"start":{"line":10,"column":0},"end":{"line":10,"column":43}},"10":{"start":{"line":12,"column":12},"end":{"line":12,"column":21}},"11":{"start":{"line":14,"column":0},"end":{"line":14,"column":27}},"12":{"start":{"line":15,"column":0},"end":{"line":15,"column":51}},"13":{"start":{"line":16,"column":0},"end":{"line":16,"column":29}},"14":{"start":{"line":17,"column":0},"end":{"line":17,"column":35}},"15":{"start":{"line":18,"column":0},"end":{"line":18,"column":28}},"16":{"start":{"line":20,"column":15},"end":{"line":32,"column":2}},"17":{"start":{"line":33,"column":14},"end":{"line":33,"column":35}},"18":{"start":{"line":34,"column":0},"end":{"line":34,"column":62}},"19":{"start":{"line":37,"column":15},"end":{"line":58,"column":null}},"20":{"start":{"line":37,"column":26},"end":{"line":58,"column":null}},"21":{"start":{"line":38,"column":4},"end":{"line":57,"column":3}},"22":{"start":{"line":39,"column":15},"end":{"line":39,"column":34}},"23":{"start":{"line":40,"column":4},"end":{"line":40,"column":73}},"24":{"start":{"line":40,"column":30},"end":{"line":40,"column":71}},"25":{"start":{"line":41,"column":4},"end":{"line":43,"column":7}},"26":{"start":{"line":42,"column":8},"end":{"line":42,"column":44}},"27":{"start":{"line":45,"column":4},"end":{"line":56,"column":1}},"28":{"start":{"line":46,"column":8},"end":{"line":46,"column":54}},"29":{"start":{"line":47,"column":8},"end":{"line":47,"column":17}},"30":{"start":{"line":50,"column":4},"end":{"line":55,"column":7}},"31":{"start":{"line":51,"column":8},"end":{"line":51,"column":21}},"32":{"start":{"line":53,"column":8},"end":{"line":53,"column":78}},"33":{"start":{"line":54,"column":8},"end":{"line":54,"column":22}},"34":{"start":{"line":59,"column":0},"end":{"line":59,"column":23}}},"fnMap":{"0":{"name":"(anonymous_8)","decl":{"start":{"line":37,"column":15},"end":{"line":37,"column":24}},"loc":{"start":{"line":37,"column":26},"end":{"line":58,"column":null}}},"1":{"name":"(anonymous_9)","decl":{"start":{"line":37,"column":26},"end":{"line":37,"column":null}},"loc":{"start":{"line":37,"column":26},"end":{"line":58,"column":1}}},"2":{"name":"(anonymous_10)","decl":{"start":{"line":38,"column":32},"end":{"line":38,"column":33}},"loc":{"start":{"line":38,"column":50},"end":{"line":57,"column":1}}},"3":{"name":"(anonymous_11)","decl":{"start":{"line":40,"column":19},"end":{"line":40,"column":20}},"loc":{"start":{"line":40,"column":30},"end":{"line":40,"column":71}}},"4":{"name":"(anonymous_12)","decl":{"start":{"line":41,"column":20},"end":{"line":41,"column":23}},"loc":{"start":{"line":41,"column":25},"end":{"line":43,"column":5}}},"5":{"name":"(anonymous_13)","decl":{"start":{"line":50,"column":53},"end":{"line":50,"column":56}},"loc":{"start":{"line":50,"column":58},"end":{"line":52,"column":5}}},"6":{"name":"(anonymous_14)","decl":{"start":{"line":52,"column":13},"end":{"line":52,"column":14}},"loc":{"start":{"line":52,"column":23},"end":{"line":55,"column":5}}}},"branchMap":{"0":{"loc":{"start":{"line":45,"column":4},"end":{"line":56,"column":1}},"type":"if","locations":[{"start":{"line":45,"column":4},"end":{"line":56,"column":1}},{"start":{"line":49,"column":9},"end":{"line":56,"column":1}}]}},"s":{"0":3,"1":3,"2":3,"3":3,"4":3,"5":3,"6":3,"7":3,"8":3,"9":3,"10":3,"11":3,"12":3,"13":3,"14":3,"15":3,"16":3,"17":3,"18":3,"19":3,"20":3,"21":3,"22":3,"23":3,"24":0,"25":3,"26":3,"27":3,"28":0,"29":0,"30":3,"31":3,"32":0,"33":0,"34":3},"f":{"0":3,"1":3,"2":3,"3":0,"4":3,"5":3,"6":0},"b":{"0":[0,3]}}
,"C:\\Users\\ofeka\\Documents\\מדעי המחשב\\Year C\\Semester A\\web application\\Assignments\\assignment\\Web-Application-First-assignment\\src\\controllers\\auth_controller.ts": {"path":"C:\\Users\\ofeka\\Documents\\מדעי המחשב\\Year C\\Semester A\\web application\\Assignments\\assignment\\Web-Application-First-assignment\\src\\controllers\\auth_controller.ts","statementMap":{"0":{"start":{"line":2,"column":0},"end":{"line":2,"column":48}},"1":{"start":{"line":3,"column":0},"end":{"line":3,"column":28}},"2":{"start":{"line":4,"column":0},"end":{"line":4,"column":31}},"3":{"start":{"line":8,"column":18},"end":{"line":8,"column":32}},"4":{"start":{"line":9,"column":21},"end":{"line":9,"column":38}},"5":{"start":{"line":10,"column":17},"end":{"line":10,"column":30}},"6":{"start":{"line":11,"column":4},"end":{"line":14,"column":5}},"7":{"start":{"line":12,"column":8},"end":{"line":12,"column":67}},"8":{"start":{"line":13,"column":8},"end":{"line":13,"column":15}},"9":{"start":{"line":15,"column":4},"end":{"line":35,"column":5}},"10":{"start":{"line":16,"column":29},"end":{"line":16,"column":63}},"11":{"start":{"line":17,"column":8},"end":{"line":20,"column":9}},"12":{"start":{"line":18,"column":12},"end":{"line":18,"column":68}},"13":{"start":{"line":19,"column":13},"end":{"line":19,"column":20}},"14":{"start":{"line":21,"column":21},"end":{"line":21,"column":45}},"15":{"start":{"line":22,"column":31},"end":{"line":22,"column":64}},"16":{"start":{"line":24,"column":21},"end":{"line":28,"column":10}},"17":{"start":{"line":29,"column":8},"end":{"line":29,"column":35}},"18":{"start":{"line":30,"column":8},"end":{"line":30,"column":15}},"19":{"start":{"line":32,"column":8},"end":{"line":32,"column":53}},"20":{"start":{"line":33,"column":8},"end":{"line":33,"column":36}},"21":{"start":{"line":34,"column":8},"end":{"line":34,"column":15}},"22":{"start":{"line":38,"column":23},"end":{"line":59,"column":1}},"23":{"start":{"line":39,"column":4},"end":{"line":41,"column":5}},"24":{"start":{"line":40,"column":8},"end":{"line":40,"column":20}},"25":{"start":{"line":42,"column":19},"end":{"line":42,"column":54}},"26":{"start":{"line":43,"column":24},"end":{"line":49,"column":52}},"27":{"start":{"line":51,"column":25},"end":{"line":57,"column":60}},"28":{"start":{"line":58,"column":4},"end":{"line":58,"column":41}},"29":{"start":{"line":62,"column":18},"end":{"line":62,"column":32}},"30":{"start":{"line":63,"column":21},"end":{"line":63,"column":38}},"31":{"start":{"line":64,"column":4},"end":{"line":67,"column":5}},"32":{"start":{"line":65,"column":8},"end":{"line":65,"column":67}},"33":{"start":{"line":66,"column":8},"end":{"line":66,"column":15}},"34":{"start":{"line":68,"column":4},"end":{"line":100,"column":5}},"35":{"start":{"line":69,"column":21},"end":{"line":69,"column":55}},"36":{"start":{"line":70,"column":8},"end":{"line":73,"column":9}},"37":{"start":{"line":71,"column":12},"end":{"line":71,"column":68}},"38":{"start":{"line":72,"column":12},"end":{"line":72,"column":19}},"39":{"start":{"line":74,"column":22},"end":{"line":74,"column":67}},"40":{"start":{"line":75,"column":8},"end":{"line":78,"column":9}},"41":{"start":{"line":76,"column":12},"end":{"line":76,"column":71}},"42":{"start":{"line":77,"column":12},"end":{"line":77,"column":19}},"43":{"start":{"line":79,"column":23},"end":{"line":79,"column":42}},"44":{"start":{"line":80,"column":23},"end":{"line":80,"column":45}},"45":{"start":{"line":81,"column":8},"end":{"line":84,"column":9}},"46":{"start":{"line":82,"column":12},"end":{"line":82,"column":74}},"47":{"start":{"line":83,"column":12},"end":{"line":83,"column":19}},"48":{"start":{"line":86,"column":8},"end":{"line":88,"column":9}},"49":{"start":{"line":87,"column":12},"end":{"line":87,"column":36}},"50":{"start":{"line":89,"column":8},"end":{"line":89,"column":53}},"51":{"start":{"line":90,"column":8},"end":{"line":90,"column":26}},"52":{"start":{"line":92,"column":8},"end":{"line":97,"column":11}},"53":{"start":{"line":99,"column":8},"end":{"line":99,"column":36}},"54":{"start":{"line":103,"column":15},"end":{"line":138,"column":null}},"55":{"start":{"line":103,"column":53},"end":{"line":138,"column":null}},"56":{"start":{"line":104,"column":25},"end":{"line":104,"column":46}},"57":{"start":{"line":105,"column":4},"end":{"line":108,"column":5}},"58":{"start":{"line":106,"column":8},"end":{"line":106,"column":65}},"59":{"start":{"line":107,"column":8},"end":{"line":107,"column":15}},"60":{"start":{"line":109,"column":2},"end":{"line":112,"column":5}},"61":{"start":{"line":110,"column":8},"end":{"line":110,"column":70}},"62":{"start":{"line":111,"column":8},"end":{"line":111,"column":15}},"63":{"start":{"line":113,"column":4},"end":{"line":137,"column":7}},"64":{"start":{"line":113,"column":95},"end":{"line":137,"column":6}},"65":{"start":{"line":114,"column":8},"end":{"line":117,"column":9}},"66":{"start":{"line":115,"column":12},"end":{"line":115,"column":61}},"67":{"start":{"line":116,"column":12},"end":{"line":116,"column":19}},"68":{"start":{"line":118,"column":24},"end":{"line":118,"column":47}},"69":{"start":{"line":119,"column":8},"end":{"line":136,"column":9}},"70":{"start":{"line":120,"column":25},"end":{"line":120,"column":65}},"71":{"start":{"line":121,"column":12},"end":{"line":124,"column":13}},"72":{"start":{"line":122,"column":16},"end":{"line":122,"column":66}},"73":{"start":{"line":123,"column":16},"end":{"line":123,"column":23}},"74":{"start":{"line":125,"column":12},"end":{"line":130,"column":13}},"75":{"start":{"line":126,"column":16},"end":{"line":126,"column":73}},"76":{"start":{"line":127,"column":16},"end":{"line":127,"column":40}},"77":{"start":{"line":128,"column":16},"end":{"line":128,"column":34}},"78":{"start":{"line":129,"column":16},"end":{"line":129,"column":23}},"79":{"start":{"line":131,"column":12},"end":{"line":131,"column":94}},"80":{"start":{"line":131,"column":70},"end":{"line":131,"column":92}},"81":{"start":{"line":132,"column":12},"end":{"line":132,"column":30}},"82":{"start":{"line":133,"column":12},"end":{"line":133,"column":60}},"83":{"start":{"line":135,"column":12},"end":{"line":135,"column":40}},"84":{"start":{"line":140,"column":16},"end":{"line":188,"column":2}},"85":{"start":{"line":140,"column":54},"end":{"line":188,"column":2}},"86":{"start":{"line":141,"column":25},"end":{"line":141,"column":46}},"87":{"start":{"line":142,"column":4},"end":{"line":145,"column":5}},"88":{"start":{"line":143,"column":8},"end":{"line":143,"column":65}},"89":{"start":{"line":144,"column":8},"end":{"line":144,"column":15}},"90":{"start":{"line":146,"column":4},"end":{"line":149,"column":5}},"91":{"start":{"line":147,"column":8},"end":{"line":147,"column":70}},"92":{"start":{"line":148,"column":8},"end":{"line":148,"column":15}},"93":{"start":{"line":150,"column":4},"end":{"line":187,"column":7}},"94":{"start":{"line":150,"column":95},"end":{"line":187,"column":6}},"95":{"start":{"line":151,"column":8},"end":{"line":154,"column":9}},"96":{"start":{"line":152,"column":12},"end":{"line":152,"column":61}},"97":{"start":{"line":153,"column":12},"end":{"line":153,"column":19}},"98":{"start":{"line":155,"column":24},"end":{"line":155,"column":47}},"99":{"start":{"line":156,"column":8},"end":{"line":186,"column":9}},"100":{"start":{"line":157,"column":25},"end":{"line":157,"column":65}},"101":{"start":{"line":158,"column":12},"end":{"line":161,"column":13}},"102":{"start":{"line":159,"column":16},"end":{"line":159,"column":66}},"103":{"start":{"line":160,"column":16},"end":{"line":160,"column":23}},"104":{"start":{"line":162,"column":12},"end":{"line":167,"column":13}},"105":{"start":{"line":163,"column":16},"end":{"line":163,"column":73}},"106":{"start":{"line":164,"column":16},"end":{"line":164,"column":40}},"107":{"start":{"line":165,"column":16},"end":{"line":165,"column":34}},"108":{"start":{"line":166,"column":16},"end":{"line":166,"column":23}},"109":{"start":{"line":168,"column":30},"end":{"line":168,"column":63}},"110":{"start":{"line":169,"column":12},"end":{"line":174,"column":13}},"111":{"start":{"line":170,"column":16},"end":{"line":170,"column":40}},"112":{"start":{"line":171,"column":16},"end":{"line":171,"column":34}},"113":{"start":{"line":172,"column":16},"end":{"line":172,"column":78}},"114":{"start":{"line":173,"column":16},"end":{"line":173,"column":23}},"115":{"start":{"line":175,"column":12},"end":{"line":175,"column":94}},"116":{"start":{"line":175,"column":70},"end":{"line":175,"column":92}},"117":{"start":{"line":176,"column":12},"end":{"line":176,"column":60}},"118":{"start":{"line":177,"column":12},"end":{"line":177,"column":30}},"119":{"start":{"line":178,"column":12},"end":{"line":183,"column":15}},"120":{"start":{"line":185,"column":12},"end":{"line":185,"column":40}},"121":{"start":{"line":193,"column":30},"end":{"line":214,"column":1}},"122":{"start":{"line":195,"column":23},"end":{"line":195,"column":50}},"123":{"start":{"line":196,"column":18},"end":{"line":196,"column":56}},"124":{"start":{"line":197,"column":4},"end":{"line":200,"column":5}},"125":{"start":{"line":198,"column":8},"end":{"line":198,"column":57}},"126":{"start":{"line":199,"column":8},"end":{"line":199,"column":15}},"127":{"start":{"line":201,"column":4},"end":{"line":204,"column":5}},"128":{"start":{"line":202,"column":8},"end":{"line":202,"column":70}},"129":{"start":{"line":203,"column":8},"end":{"line":203,"column":15}},"130":{"start":{"line":206,"column":4},"end":{"line":213,"column":7}},"131":{"start":{"line":207,"column":8},"end":{"line":210,"column":9}},"132":{"start":{"line":208,"column":12},"end":{"line":208,"column":61}},"133":{"start":{"line":209,"column":12},"end":{"line":209,"column":19}},"134":{"start":{"line":211,"column":8},"end":{"line":211,"column":53}},"135":{"start":{"line":212,"column":8},"end":{"line":212,"column":15}},"136":{"start":{"line":193,"column":13},"end":{"line":193,"column":30}},"137":{"start":{"line":216,"column":23},"end":{"line":216,"column":73}},"138":{"start":{"line":218,"column":0},"end":{"line":218,"column":30}}},"fnMap":{"0":{"name":"register","decl":{"start":{"line":6,"column":15},"end":{"line":6,"column":23}},"loc":{"start":{"line":6,"column":51},"end":{"line":36,"column":null}}},"1":{"name":"(anonymous_10)","decl":{"start":{"line":38,"column":23},"end":{"line":38,"column":24}},"loc":{"start":{"line":38,"column":93},"end":{"line":59,"column":1}}},"2":{"name":"login","decl":{"start":{"line":61,"column":15},"end":{"line":61,"column":20}},"loc":{"start":{"line":61,"column":48},"end":{"line":101,"column":null}}},"3":{"name":"(anonymous_13)","decl":{"start":{"line":103,"column":15},"end":{"line":103,"column":22}},"loc":{"start":{"line":103,"column":53},"end":{"line":138,"column":null}}},"4":{"name":"(anonymous_14)","decl":{"start":{"line":103,"column":53},"end":{"line":103,"column":null}},"loc":{"start":{"line":103,"column":53},"end":{"line":138,"column":1}}},"5":{"name":"(anonymous_15)","decl":{"start":{"line":113,"column":62},"end":{"line":113,"column":69}},"loc":{"start":{"line":113,"column":95},"end":{"line":137,"column":6}}},"6":{"name":"(anonymous_16)","decl":{"start":{"line":113,"column":95},"end":{"line":113,"column":null}},"loc":{"start":{"line":113,"column":95},"end":{"line":137,"column":5}}},"7":{"name":"(anonymous_17)","decl":{"start":{"line":131,"column":59},"end":{"line":131,"column":60}},"loc":{"start":{"line":131,"column":70},"end":{"line":131,"column":92}}},"8":{"name":"(anonymous_18)","decl":{"start":{"line":140,"column":16},"end":{"line":140,"column":23}},"loc":{"start":{"line":140,"column":54},"end":{"line":188,"column":2}}},"9":{"name":"(anonymous_19)","decl":{"start":{"line":140,"column":54},"end":{"line":140,"column":null}},"loc":{"start":{"line":140,"column":54},"end":{"line":188,"column":1}}},"10":{"name":"(anonymous_20)","decl":{"start":{"line":150,"column":62},"end":{"line":150,"column":69}},"loc":{"start":{"line":150,"column":95},"end":{"line":187,"column":6}}},"11":{"name":"(anonymous_21)","decl":{"start":{"line":150,"column":95},"end":{"line":150,"column":null}},"loc":{"start":{"line":150,"column":95},"end":{"line":187,"column":5}}},"12":{"name":"(anonymous_22)","decl":{"start":{"line":175,"column":59},"end":{"line":175,"column":60}},"loc":{"start":{"line":175,"column":70},"end":{"line":175,"column":92}}},"13":{"name":"(anonymous_23)","decl":{"start":{"line":193,"column":30},"end":{"line":193,"column":31}},"loc":{"start":{"line":193,"column":82},"end":{"line":214,"column":1}}},"14":{"name":"(anonymous_24)","decl":{"start":{"line":206,"column":55},"end":{"line":206,"column":56}},"loc":{"start":{"line":206,"column":72},"end":{"line":213,"column":5}}}},"branchMap":{"0":{"loc":{"start":{"line":11,"column":4},"end":{"line":14,"column":5}},"type":"if","locations":[{"start":{"line":11,"column":4},"end":{"line":14,"column":5}}]},"1":{"loc":{"start":{"line":11,"column":8},"end":{"line":11,"column":36}},"type":"binary-expr","locations":[{"start":{"line":11,"column":8},"end":{"line":11,"column":14}},{"start":{"line":11,"column":18},"end":{"line":11,"column":27}},{"start":{"line":11,"column":31},"end":{"line":11,"column":36}}]},"2":{"loc":{"start":{"line":17,"column":8},"end":{"line":20,"column":9}},"type":"if","locations":[{"start":{"line":17,"column":8},"end":{"line":20,"column":9}}]},"3":{"loc":{"start":{"line":39,"column":4},"end":{"line":41,"column":5}},"type":"if","locations":[{"start":{"line":39,"column":4},"end":{"line":41,"column":5}}]},"4":{"loc":{"start":{"line":64,"column":4},"end":{"line":67,"column":5}},"type":"if","locations":[{"start":{"line":64,"column":4},"end":{"line":67,"column":5}}]},"5":{"loc":{"start":{"line":64,"column":8},"end":{"line":64,"column":27}},"type":"binary-expr","locations":[{"start":{"line":64,"column":8},"end":{"line":64,"column":14}},{"start":{"line":64,"column":18},"end":{"line":64,"column":27}}]},"6":{"loc":{"start":{"line":70,"column":8},"end":{"line":73,"column":9}},"type":"if","locations":[{"start":{"line":70,"column":8},"end":{"line":73,"column":9}}]},"7":{"loc":{"start":{"line":75,"column":8},"end":{"line":78,"column":9}},"type":"if","locations":[{"start":{"line":75,"column":8},"end":{"line":78,"column":9}}]},"8":{"loc":{"start":{"line":81,"column":8},"end":{"line":84,"column":9}},"type":"if","locations":[{"start":{"line":81,"column":8},"end":{"line":84,"column":9}}]},"9":{"loc":{"start":{"line":86,"column":8},"end":{"line":88,"column":9}},"type":"if","locations":[{"start":{"line":86,"column":8},"end":{"line":88,"column":9}}]},"10":{"loc":{"start":{"line":105,"column":4},"end":{"line":108,"column":5}},"type":"if","locations":[{"start":{"line":105,"column":4},"end":{"line":108,"column":5}}]},"11":{"loc":{"start":{"line":109,"column":2},"end":{"line":112,"column":5}},"type":"if","locations":[{"start":{"line":109,"column":2},"end":{"line":112,"column":5}}]},"12":{"loc":{"start":{"line":114,"column":8},"end":{"line":117,"column":9}},"type":"if","locations":[{"start":{"line":114,"column":8},"end":{"line":117,"column":9}}]},"13":{"loc":{"start":{"line":121,"column":12},"end":{"line":124,"column":13}},"type":"if","locations":[{"start":{"line":121,"column":12},"end":{"line":124,"column":13}}]},"14":{"loc":{"start":{"line":125,"column":12},"end":{"line":130,"column":13}},"type":"if","locations":[{"start":{"line":125,"column":12},"end":{"line":130,"column":13}}]},"15":{"loc":{"start":{"line":125,"column":16},"end":{"line":125,"column":81}},"type":"binary-expr","locations":[{"start":{"line":125,"column":16},"end":{"line":125,"column":35}},{"start":{"line":125,"column":39},"end":{"line":125,"column":81}}]},"16":{"loc":{"start":{"line":142,"column":4},"end":{"line":145,"column":5}},"type":"if","locations":[{"start":{"line":142,"column":4},"end":{"line":145,"column":5}}]},"17":{"loc":{"start":{"line":146,"column":4},"end":{"line":149,"column":5}},"type":"if","locations":[{"start":{"line":146,"column":4},"end":{"line":149,"column":5}}]},"18":{"loc":{"start":{"line":151,"column":8},"end":{"line":154,"column":9}},"type":"if","locations":[{"start":{"line":151,"column":8},"end":{"line":154,"column":9}}]},"19":{"loc":{"start":{"line":158,"column":12},"end":{"line":161,"column":13}},"type":"if","locations":[{"start":{"line":158,"column":12},"end":{"line":161,"column":13}}]},"20":{"loc":{"start":{"line":162,"column":12},"end":{"line":167,"column":13}},"type":"if","locations":[{"start":{"line":162,"column":12},"end":{"line":167,"column":13}}]},"21":{"loc":{"start":{"line":162,"column":16},"end":{"line":162,"column":81}},"type":"binary-expr","locations":[{"start":{"line":162,"column":16},"end":{"line":162,"column":35}},{"start":{"line":162,"column":39},"end":{"line":162,"column":81}}]},"22":{"loc":{"start":{"line":169,"column":12},"end":{"line":174,"column":13}},"type":"if","locations":[{"start":{"line":169,"column":12},"end":{"line":174,"column":13}}]},"23":{"loc":{"start":{"line":196,"column":18},"end":{"line":196,"column":56}},"type":"binary-expr","locations":[{"start":{"line":196,"column":18},"end":{"line":196,"column":28}},{"start":{"line":196,"column":32},"end":{"line":196,"column":56}}]},"24":{"loc":{"start":{"line":197,"column":4},"end":{"line":200,"column":5}},"type":"if","locations":[{"start":{"line":197,"column":4},"end":{"line":200,"column":5}}]},"25":{"loc":{"start":{"line":201,"column":4},"end":{"line":204,"column":5}},"type":"if","locations":[{"start":{"line":201,"column":4},"end":{"line":204,"column":5}}]},"26":{"loc":{"start":{"line":207,"column":8},"end":{"line":210,"column":9}},"type":"if","locations":[{"start":{"line":207,"column":8},"end":{"line":210,"column":9}}]}},"s":{"0":3,"1":3,"2":3,"3":6,"4":6,"5":6,"6":6,"7":1,"8":1,"9":5,"10":5,"11":5,"12":2,"13":2,"14":3,"15":3,"16":3,"17":3,"18":3,"19":0,"20":0,"21":0,"22":3,"23":10,"24":0,"25":10,"26":10,"27":10,"28":10,"29":10,"30":10,"31":10,"32":1,"33":1,"34":9,"35":9,"36":9,"37":1,"38":1,"39":8,"40":8,"41":1,"42":1,"43":7,"44":7,"45":7,"46":0,"47":0,"48":7,"49":0,"50":7,"51":7,"52":7,"53":0,"54":3,"55":1,"56":1,"57":1,"58":0,"59":0,"60":1,"61":0,"62":0,"63":1,"64":1,"65":1,"66":0,"67":0,"68":1,"69":1,"70":1,"71":1,"72":0,"73":0,"74":1,"75":0,"76":0,"77":0,"78":0,"79":1,"80":1,"81":1,"82":1,"83":0,"84":3,"85":6,"86":6,"87":6,"88":0,"89":0,"90":6,"91":0,"92":0,"93":6,"94":6,"95":6,"96":0,"97":0,"98":6,"99":6,"100":6,"101":6,"102":0,"103":0,"104":6,"105":3,"106":3,"107":3,"108":3,"109":3,"110":3,"111":0,"112":0,"113":0,"114":0,"115":3,"116":4,"117":3,"118":3,"119":3,"120":0,"121":3,"122":15,"123":15,"124":15,"125":1,"126":1,"127":14,"128":0,"129":0,"130":14,"131":14,"132":2,"133":2,"134":12,"135":12,"136":3,"137":3,"138":3},"f":{"0":6,"1":10,"2":10,"3":1,"4":1,"5":1,"6":1,"7":1,"8":6,"9":6,"10":6,"11":6,"12":4,"13":15,"14":14},"b":{"0":[1],"1":[6,6,5],"2":[2],"3":[0],"4":[1],"5":[10,10],"6":[1],"7":[1],"8":[0],"9":[0],"10":[0],"11":[0],"12":[0],"13":[0],"14":[0],"15":[1,1],"16":[0],"17":[0],"18":[0],"19":[0],"20":[3],"21":[6,6],"22":[0],"23":[15,14],"24":[1],"25":[0],"26":[2]}}
,"C:\\Users\\ofeka\\Documents\\מדעי המחשב\\Year C\\Semester A\\web application\\Assignments\\assignment\\Web-Application-First-assignment\\src\\controllers\\base_controller.ts": {"path":"C:\\Users\\ofeka\\Documents\\מדעי המחשב\\Year C\\Semester A\\web application\\Assignments\\assignment\\Web-Application-First-assignment\\src\\controllers\\base_controller.ts","statementMap":{"0":{"start":{"line":2,"column":0},"end":{"line":2,"column":43}},"1":{"start":{"line":7,"column":8},"end":{"line":7,"column":27}},"2":{"start":{"line":11,"column":27},"end":{"line":11,"column":42}},"3":{"start":{"line":12,"column":8},"end":{"line":27,"column":9}},"4":{"start":{"line":13,"column":12},"end":{"line":23,"column":13}},"5":{"start":{"line":14,"column":30},"end":{"line":14,"column":72}},"6":{"start":{"line":15,"column":16},"end":{"line":15,"column":44}},"7":{"start":{"line":16,"column":16},"end":{"line":17,"column":76}},"8":{"start":{"line":17,"column":20},"end":{"line":17,"column":76}},"9":{"start":{"line":18,"column":16},"end":{"line":18,"column":51}},"10":{"start":{"line":21,"column":30},"end":{"line":21,"column":53}},"11":{"start":{"line":22,"column":16},"end":{"line":22,"column":51}},"12":{"start":{"line":25,"column":12},"end":{"line":25,"column":31}},"13":{"start":{"line":26,"column":12},"end":{"line":26,"column":40}},"14":{"start":{"line":31,"column":4},"end":{"line":31,"column":26}},"15":{"start":{"line":32,"column":4},"end":{"line":38,"column":5}},"16":{"start":{"line":33,"column":21},"end":{"line":33,"column":54}},"17":{"start":{"line":34,"column":8},"end":{"line":34,"column":35}},"18":{"start":{"line":36,"column":8},"end":{"line":36,"column":24}},"19":{"start":{"line":37,"column":8},"end":{"line":37,"column":22}},"20":{"start":{"line":43,"column":19},"end":{"line":43,"column":32}},"21":{"start":{"line":45,"column":8},"end":{"line":47,"column":9}},"22":{"start":{"line":46,"column":12},"end":{"line":46,"column":74}},"23":{"start":{"line":48,"column":8},"end":{"line":58,"column":9}},"24":{"start":{"line":49,"column":25},"end":{"line":49,"column":54}},"25":{"start":{"line":50,"column":12},"end":{"line":50,"column":30}},"26":{"start":{"line":51,"column":12},"end":{"line":53,"column":13}},"27":{"start":{"line":52,"column":16},"end":{"line":52,"column":75}},"28":{"start":{"line":54,"column":12},"end":{"line":54,"column":46}},"29":{"start":{"line":56,"column":12},"end":{"line":56,"column":57}},"30":{"start":{"line":57,"column":12},"end":{"line":57,"column":76}},"31":{"start":{"line":62,"column":19},"end":{"line":62,"column":32}},"32":{"start":{"line":63,"column":8},"end":{"line":71,"column":9}},"33":{"start":{"line":64,"column":32},"end":{"line":64,"column":95}},"34":{"start":{"line":65,"column":12},"end":{"line":67,"column":13}},"35":{"start":{"line":66,"column":16},"end":{"line":66,"column":75}},"36":{"start":{"line":68,"column":12},"end":{"line":68,"column":53}},"37":{"start":{"line":70,"column":12},"end":{"line":70,"column":47}},"38":{"start":{"line":75,"column":19},"end":{"line":75,"column":32}},"39":{"start":{"line":76,"column":8},"end":{"line":84,"column":9}},"40":{"start":{"line":77,"column":32},"end":{"line":77,"column":70}},"41":{"start":{"line":78,"column":12},"end":{"line":80,"column":13}},"42":{"start":{"line":79,"column":16},"end":{"line":79,"column":75}},"43":{"start":{"line":81,"column":12},"end":{"line":81,"column":82}},"44":{"start":{"line":83,"column":12},"end":{"line":83,"column":47}},"45":{"start":{"line":88,"column":21},"end":{"line":88,"column":37}},"46":{"start":{"line":89,"column":8},"end":{"line":96,"column":9}},"47":{"start":{"line":90,"column":24},"end":{"line":90,"column":60}},"48":{"start":{"line":91,"column":12},"end":{"line":92,"column":72}},"49":{"start":{"line":92,"column":16},"end":{"line":92,"column":72}},"50":{"start":{"line":93,"column":12},"end":{"line":93,"column":47}},"51":{"start":{"line":95,"column":12},"end":{"line":95,"column":47}},"52":{"start":{"line":99,"column":0},"end":{"line":99,"column":30}}},"fnMap":{"0":{"name":"(anonymous_8)","decl":{"start":{"line":6,"column":4},"end":{"line":6,"column":16}},"loc":{"start":{"line":6,"column":31},"end":{"line":8,"column":5}}},"1":{"name":"(anonymous_9)","decl":{"start":{"line":10,"column":10},"end":{"line":10,"column":16}},"loc":{"start":{"line":10,"column":43},"end":{"line":28,"column":6}}},"2":{"name":"(anonymous_11)","decl":{"start":{"line":30,"column":10},"end":{"line":30,"column":16}},"loc":{"start":{"line":30,"column":43},"end":{"line":39,"column":6}}},"3":{"name":"(anonymous_13)","decl":{"start":{"line":42,"column":10},"end":{"line":42,"column":17}},"loc":{"start":{"line":42,"column":43},"end":{"line":59,"column":null}}},"4":{"name":"(anonymous_15)","decl":{"start":{"line":61,"column":10},"end":{"line":61,"column":20}},"loc":{"start":{"line":61,"column":48},"end":{"line":72,"column":null}}},"5":{"name":"(anonymous_17)","decl":{"start":{"line":74,"column":10},"end":{"line":74,"column":20}},"loc":{"start":{"line":74,"column":48},"end":{"line":85,"column":null}}},"6":{"name":"(anonymous_19)","decl":{"start":{"line":87,"column":10},"end":{"line":87,"column":20}},"loc":{"start":{"line":87,"column":46},"end":{"line":97,"column":null}}}},"branchMap":{"0":{"loc":{"start":{"line":13,"column":12},"end":{"line":23,"column":13}},"type":"if","locations":[{"start":{"line":13,"column":12},"end":{"line":23,"column":13}},{"start":{"line":20,"column":16},"end":{"line":23,"column":13}}]},"1":{"loc":{"start":{"line":16,"column":16},"end":{"line":17,"column":76}},"type":"if","locations":[{"start":{"line":16,"column":16},"end":{"line":17,"column":76}}]},"2":{"loc":{"start":{"line":45,"column":8},"end":{"line":47,"column":9}},"type":"if","locations":[{"start":{"line":45,"column":8},"end":{"line":47,"column":9}}]},"3":{"loc":{"start":{"line":51,"column":12},"end":{"line":53,"column":13}},"type":"if","locations":[{"start":{"line":51,"column":12},"end":{"line":53,"column":13}}]},"4":{"loc":{"start":{"line":65,"column":12},"end":{"line":67,"column":13}},"type":"if","locations":[{"start":{"line":65,"column":12},"end":{"line":67,"column":13}}]},"5":{"loc":{"start":{"line":78,"column":12},"end":{"line":80,"column":13}},"type":"if","locations":[{"start":{"line":78,"column":12},"end":{"line":80,"column":13}}]},"6":{"loc":{"start":{"line":91,"column":12},"end":{"line":92,"column":72}},"type":"if","locations":[{"start":{"line":91,"column":12},"end":{"line":92,"column":72}}]}},"s":{"0":3,"1":6,"2":3,"3":3,"4":3,"5":0,"6":0,"7":0,"8":0,"9":0,"10":3,"11":3,"12":0,"13":0,"14":7,"15":7,"16":7,"17":5,"18":2,"19":2,"20":5,"21":5,"22":1,"23":4,"24":4,"25":4,"26":4,"27":2,"28":2,"29":0,"30":0,"31":3,"32":3,"33":3,"34":2,"35":0,"36":2,"37":1,"38":2,"39":2,"40":2,"41":2,"42":0,"43":2,"44":0,"45":1,"46":1,"47":1,"48":1,"49":0,"50":1,"51":0,"52":3},"f":{"0":6,"1":3,"2":7,"3":5,"4":3,"5":2,"6":1},"b":{"0":[0,3],"1":[0],"2":[1],"3":[2],"4":[0],"5":[0],"6":[0]}}
,"C:\\Users\\ofeka\\Documents\\מדעי המחשב\\Year C\\Semester A\\web application\\Assignments\\assignment\\Web-Application-First-assignment\\src\\controllers\\comments_controller.ts": {"path":"C:\\Users\\ofeka\\Documents\\מדעי המחשב\\Year C\\Semester A\\web application\\Assignments\\assignment\\Web-Application-First-assignment\\src\\controllers\\comments_controller.ts","statementMap":{"0":{"start":{"line":1,"column":0},"end":{"line":1,"column":57}},"1":{"start":{"line":2,"column":0},"end":{"line":2,"column":47}},"2":{"start":{"line":4,"column":26},"end":{"line":4,"column":63}},"3":{"start":{"line":6,"column":0},"end":{"line":6,"column":33}}},"fnMap":{},"branchMap":{},"s":{"0":3,"1":3,"2":3,"3":3},"f":{},"b":{}}
,"C:\\Users\\ofeka\\Documents\\מדעי המחשב\\Year C\\Semester A\\web application\\Assignments\\assignment\\Web-Application-First-assignment\\src\\controllers\\posts_controller.ts": {"path":"C:\\Users\\ofeka\\Documents\\מדעי המחשב\\Year C\\Semester A\\web application\\Assignments\\assignment\\Web-Application-First-assignment\\src\\controllers\\posts_controller.ts","statementMap":{"0":{"start":{"line":1,"column":0},"end":{"line":1,"column":49}},"1":{"start":{"line":3,"column":0},"end":{"line":3,"column":47}},"2":{"start":{"line":8,"column":8},"end":{"line":8,"column":20}},"3":{"start":{"line":12,"column":23},"end":{"line":12,"column":40}},"4":{"start":{"line":13,"column":18},"end":{"line":16,"column":null}},"5":{"start":{"line":17,"column":8},"end":{"line":17,"column":24}},"6":{"start":{"line":18,"column":8},"end":{"line":18,"column":37}},"7":{"start":{"line":22,"column":0},"end":{"line":22,"column":36}}},"fnMap":{"0":{"name":"(anonymous_8)","decl":{"start":{"line":7,"column":4},"end":{"line":7,"column":null}},"loc":{"start":{"line":7,"column":4},"end":{"line":9,"column":5}}},"1":{"name":"(anonymous_9)","decl":{"start":{"line":11,"column":10},"end":{"line":11,"column":16}},"loc":{"start":{"line":11,"column":43},"end":{"line":19,"column":6}}}},"branchMap":{},"s":{"0":3,"1":3,"2":3,"3":5,"4":5,"5":5,"6":5,"7":3},"f":{"0":3,"1":5},"b":{}}
,"C:\\Users\\ofeka\\Documents\\מדעי המחשב\\Year C\\Semester A\\web application\\Assignments\\assignment\\Web-Application-First-assignment\\src\\models\\comment_model.ts": {"path":"C:\\Users\\ofeka\\Documents\\מדעי המחשב\\Year C\\Semester A\\web application\\Assignments\\assignment\\Web-Application-First-assignment\\src\\models\\comment_model.ts","statementMap":{"0":{"start":{"line":1,"column":0},"end":{"line":1,"column":32}},"1":{"start":{"line":9,"column":22},"end":{"line":22,"column":2}},"2":{"start":{"line":23,"column":16},"end":{"line":23,"column":67}},"3":{"start":{"line":25,"column":0},"end":{"line":25,"column":23}}},"fnMap":{},"branchMap":{},"s":{"0":3,"1":3,"2":3,"3":3},"f":{},"b":{}}
,"C:\\Users\\ofeka\\Documents\\מדעי המחשב\\Year C\\Semester A\\web application\\Assignments\\assignment\\Web-Application-First-assignment\\src\\models\\posts_model.ts": {"path":"C:\\Users\\ofeka\\Documents\\מדעי המחשב\\Year C\\Semester A\\web application\\Assignments\\assignment\\Web-Application-First-assignment\\src\\models\\posts_model.ts","statementMap":{"0":{"start":{"line":1,"column":0},"end":{"line":1,"column":32}},"1":{"start":{"line":9,"column":19},"end":{"line":22,"column":4}},"2":{"start":{"line":24,"column":15},"end":{"line":24,"column":57}},"3":{"start":{"line":26,"column":0},"end":{"line":26,"column":20}}},"fnMap":{},"branchMap":{},"s":{"0":3,"1":3,"2":3,"3":3},"f":{},"b":{}}
,"C:\\Users\\ofeka\\Documents\\מדעי המחשב\\Year C\\Semester A\\web application\\Assignments\\assignment\\Web-Application-First-assignment\\src\\models\\users_model.ts": {"path":"C:\\Users\\ofeka\\Documents\\מדעי המחשב\\Year C\\Semester A\\web application\\Assignments\\assignment\\Web-Application-First-assignment\\src\\models\\users_model.ts","statementMap":{"0":{"start":{"line":1,"column":0},"end":{"line":1,"column":32}},"1":{"start":{"line":3,"column":19},"end":{"line":29,"column":6}},"2":{"start":{"line":31,"column":13},"end":{"line":31,"column":52}},"3":{"start":{"line":33,"column":0},"end":{"line":33,"column":20}}},"fnMap":{},"branchMap":{},"s":{"0":3,"1":3,"2":3,"3":3},"f":{},"b":{}}
,"C:\\Users\\ofeka\\Documents\\מדעי המחשב\\Year C\\Semester A\\web application\\Assignments\\assignment\\Web-Application-First-assignment\\src\\routes\\auth_routes.ts": {"path":"C:\\Users\\ofeka\\Documents\\מדעי המחשב\\Year C\\Semester A\\web application\\Assignments\\assignment\\Web-Application-First-assignment\\src\\routes\\auth_routes.ts","statementMap":{"0":{"start":{"line":1,"column":0},"end":{"line":1,"column":30}},"1":{"start":{"line":2,"column":0},"end":{"line":2,"column":60}},"2":{"start":{"line":4,"column":13},"end":{"line":4,"column":29}},"3":{"start":{"line":92,"column":0},"end":{"line":92,"column":50}},"4":{"start":{"line":130,"column":0},"end":{"line":130,"column":44}},"5":{"start":{"line":172,"column":0},"end":{"line":172,"column":48}},"6":{"start":{"line":201,"column":0},"end":{"line":201,"column":46}},"7":{"start":{"line":203,"column":0},"end":{"line":203,"column":22}}},"fnMap":{},"branchMap":{},"s":{"0":3,"1":3,"2":3,"3":3,"4":3,"5":3,"6":3,"7":3},"f":{},"b":{}}
,"C:\\Users\\ofeka\\Documents\\מדעי המחשב\\Year C\\Semester A\\web application\\Assignments\\assignment\\Web-Application-First-assignment\\src\\routes\\comments_routes.ts": {"path":"C:\\Users\\ofeka\\Documents\\מדעי המחשב\\Year C\\Semester A\\web application\\Assignments\\assignment\\Web-Application-First-assignment\\src\\routes\\comments_routes.ts","statementMap":{"0":{"start":{"line":1,"column":0},"end":{"line":1,"column":30}},"1":{"start":{"line":2,"column":15},"end":{"line":2,"column":31}},"2":{"start":{"line":3,"column":0},"end":{"line":3,"column":67}},"3":{"start":{"line":4,"column":0},"end":{"line":4,"column":64}},"4":{"start":{"line":65,"column":0},"end":{"line":67,"column":3}},"5":{"start":{"line":66,"column":4},"end":{"line":66,"column":65}},"6":{"start":{"line":111,"column":0},"end":{"line":111,"column":85}},"7":{"start":{"line":142,"column":0},"end":{"line":144,"column":3}},"8":{"start":{"line":143,"column":4},"end":{"line":143,"column":66}},"9":{"start":{"line":183,"column":0},"end":{"line":185,"column":3}},"10":{"start":{"line":184,"column":4},"end":{"line":184,"column":69}},"11":{"start":{"line":211,"column":0},"end":{"line":213,"column":3}},"12":{"start":{"line":212,"column":4},"end":{"line":212,"column":69}},"13":{"start":{"line":215,"column":0},"end":{"line":215,"column":22}}},"fnMap":{"0":{"name":"(anonymous_1)","decl":{"start":{"line":65,"column":16},"end":{"line":65,"column":17}},"loc":{"start":{"line":65,"column":29},"end":{"line":67,"column":1}}},"1":{"name":"(anonymous_2)","decl":{"start":{"line":142,"column":19},"end":{"line":142,"column":20}},"loc":{"start":{"line":142,"column":32},"end":{"line":144,"column":1}}},"2":{"name":"(anonymous_3)","decl":{"start":{"line":183,"column":35},"end":{"line":183,"column":36}},"loc":{"start":{"line":183,"column":48},"end":{"line":185,"column":1}}},"3":{"name":"(anonymous_4)","decl":{"start":{"line":211,"column":38},"end":{"line":211,"column":39}},"loc":{"start":{"line":211,"column":51},"end":{"line":213,"column":1}}}},"branchMap":{},"s":{"0":3,"1":3,"2":3,"3":3,"4":3,"5":1,"6":3,"7":3,"8":3,"9":3,"10":1,"11":3,"12":1,"13":3},"f":{"0":1,"1":3,"2":1,"3":1},"b":{}}
,"C:\\Users\\ofeka\\Documents\\מדעי המחשב\\Year C\\Semester A\\web application\\Assignments\\assignment\\Web-Application-First-assignment\\src\\routes\\posts_routes.ts": {"path":"C:\\Users\\ofeka\\Documents\\מדעי המחשב\\Year C\\Semester A\\web application\\Assignments\\assignment\\Web-Application-First-assignment\\src\\routes\\posts_routes.ts","statementMap":{"0":{"start":{"line":1,"column":0},"end":{"line":1,"column":53}},"1":{"start":{"line":2,"column":15},"end":{"line":2,"column":31}},"2":{"start":{"line":3,"column":0},"end":{"line":3,"column":61}},"3":{"start":{"line":4,"column":0},"end":{"line":4,"column":64}},"4":{"start":{"line":63,"column":0},"end":{"line":69,"column":3}},"5":{"start":{"line":63,"column":35},"end":{"line":69,"column":2}},"6":{"start":{"line":64,"column":4},"end":{"line":68,"column":5}},"7":{"start":{"line":65,"column":8},"end":{"line":65,"column":65}},"8":{"start":{"line":67,"column":8},"end":{"line":67,"column":61}},"9":{"start":{"line":110,"column":0},"end":{"line":110,"column":77}},"10":{"start":{"line":149,"column":0},"end":{"line":151,"column":3}},"11":{"start":{"line":150,"column":4},"end":{"line":150,"column":61}},"12":{"start":{"line":181,"column":0},"end":{"line":183,"column":3}},"13":{"start":{"line":182,"column":4},"end":{"line":182,"column":58}},"14":{"start":{"line":211,"column":0},"end":{"line":213,"column":3}},"15":{"start":{"line":212,"column":4},"end":{"line":212,"column":61}},"16":{"start":{"line":215,"column":0},"end":{"line":215,"column":22}}},"fnMap":{"0":{"name":"(anonymous_8)","decl":{"start":{"line":63,"column":16},"end":{"line":63,"column":23}},"loc":{"start":{"line":63,"column":35},"end":{"line":69,"column":2}}},"1":{"name":"(anonymous_9)","decl":{"start":{"line":63,"column":35},"end":{"line":63,"column":null}},"loc":{"start":{"line":63,"column":35},"end":{"line":69,"column":1}}},"2":{"name":"(anonymous_10)","decl":{"start":{"line":149,"column":35},"end":{"line":149,"column":36}},"loc":{"start":{"line":149,"column":67},"end":{"line":151,"column":1}}},"3":{"name":"(anonymous_11)","decl":{"start":{"line":181,"column":19},"end":{"line":181,"column":20}},"loc":{"start":{"line":181,"column":51},"end":{"line":183,"column":1}}},"4":{"name":"(anonymous_12)","decl":{"start":{"line":211,"column":38},"end":{"line":211,"column":39}},"loc":{"start":{"line":211,"column":70},"end":{"line":213,"column":1}}}},"branchMap":{"0":{"loc":{"start":{"line":64,"column":4},"end":{"line":68,"column":5}},"type":"if","locations":[{"start":{"line":64,"column":4},"end":{"line":68,"column":5}},{"start":{"line":66,"column":11},"end":{"line":68,"column":5}}]}},"s":{"0":3,"1":3,"2":3,"3":3,"4":3,"5":3,"6":3,"7":1,"8":2,"9":3,"10":3,"11":2,"12":3,"13":2,"14":3,"15":1,"16":3},"f":{"0":3,"1":3,"2":2,"3":2,"4":1},"b":{"0":[1,2]}}
}
