TN:
SF:src\server.ts
FN:11,(anonymous_8)
FN:11,(anonymous_9)
FN:12,(anonymous_10)
FN:14,(anonymous_11)
FN:15,(anonymous_12)
FN:24,(anonymous_13)
FN:34,(anonymous_14)
FNF:7
FNH:5
FNDA:3,(anonymous_8)
FNDA:3,(anonymous_9)
FNDA:3,(anonymous_10)
FNDA:0,(anonymous_11)
FNDA:3,(anonymous_12)
FNDA:3,(anonymous_13)
FNDA:0,(anonymous_14)
DA:1,3
DA:2,3
DA:3,3
DA:4,3
DA:5,3
DA:6,3
DA:7,3
DA:8,3
DA:9,3
DA:11,3
DA:12,3
DA:13,3
DA:14,3
DA:15,3
DA:16,3
DA:19,3
DA:20,0
DA:21,0
DA:24,3
DA:25,3
DA:27,3
DA:28,3
DA:30,3
DA:31,3
DA:32,3
DA:33,3
DA:35,0
DA:36,0
DA:41,3
LF:29
LH:25
BRDA:19,0,0,0
BRDA:19,0,1,3
BRF:2
BRH:1
end_of_record
TN:
SF:src\controllers\auth_controller.ts
FN:6,register
FN:38,(anonymous_10)
FN:61,login
FN:103,(anonymous_13)
FN:103,(anonymous_14)
FN:113,(anonymous_15)
FN:113,(anonymous_16)
FN:131,(anonymous_17)
FN:140,(anonymous_18)
FN:140,(anonymous_19)
FN:150,(anonymous_20)
FN:150,(anonymous_21)
FN:175,(anonymous_22)
FN:193,(anonymous_23)
FN:206,(anonymous_24)
FNF:15
FNH:15
FNDA:4,register
FNDA:9,(anonymous_10)
FNDA:6,login
FNDA:1,(anonymous_13)
FNDA:1,(anonymous_14)
FNDA:1,(anonymous_15)
FNDA:1,(anonymous_16)
FNDA:1,(anonymous_17)
FNDA:6,(anonymous_18)
FNDA:6,(anonymous_19)
FNDA:6,(anonymous_20)
FNDA:6,(anonymous_21)
FNDA:4,(anonymous_22)
FNDA:11,(anonymous_23)
FNDA:10,(anonymous_24)
DA:2,3
DA:3,3
DA:4,3
DA:8,4
DA:9,4
DA:10,4
DA:11,4
DA:12,0
DA:13,0
DA:15,4
DA:16,4
DA:17,4
DA:18,1
DA:19,1
DA:21,3
DA:22,3
DA:24,3
DA:29,3
DA:30,3
DA:32,0
DA:33,0
DA:34,0
DA:38,3
DA:39,9
DA:40,0
DA:42,9
DA:43,9
DA:51,9
DA:58,9
DA:62,6
DA:63,6
DA:64,6
DA:65,0
DA:66,0
DA:68,6
DA:69,6
DA:70,6
DA:71,0
DA:72,0
DA:74,6
DA:75,6
DA:76,0
DA:77,0
DA:79,6
DA:80,6
DA:81,6
DA:82,0
DA:83,0
DA:86,6
DA:87,0
DA:89,6
DA:90,6
DA:92,6
DA:99,0
DA:103,3
DA:104,1
DA:105,1
DA:106,0
DA:107,0
DA:109,1
DA:110,0
DA:111,0
DA:113,1
DA:114,1
DA:115,0
DA:116,0
DA:118,1
DA:119,1
DA:120,1
DA:121,1
DA:122,0
DA:123,0
DA:125,1
DA:126,0
DA:127,0
DA:128,0
DA:129,0
DA:131,1
DA:132,1
DA:133,1
DA:135,0
DA:140,6
DA:141,6
DA:142,6
DA:143,0
DA:144,0
DA:146,6
DA:147,0
DA:148,0
DA:150,6
DA:151,6
DA:152,0
DA:153,0
DA:155,6
DA:156,6
DA:157,6
DA:158,6
DA:159,0
DA:160,0
DA:162,6
DA:163,3
DA:164,3
DA:165,3
DA:166,3
DA:168,3
DA:169,3
DA:170,0
DA:171,0
DA:172,0
DA:173,0
DA:175,4
DA:176,3
DA:177,3
DA:178,3
DA:185,0
DA:193,3
DA:195,11
DA:196,11
DA:197,11
DA:198,1
DA:199,1
DA:201,10
DA:202,0
DA:203,0
DA:206,10
DA:207,10
DA:208,1
DA:209,1
DA:211,9
DA:212,9
DA:216,3
DA:218,3
LF:132
LH:88
BRDA:11,0,0,0
BRDA:11,1,0,4
BRDA:11,1,1,4
BRDA:11,1,2,4
BRDA:17,2,0,1
BRDA:39,3,0,0
BRDA:64,4,0,0
BRDA:64,5,0,6
BRDA:64,5,1,6
BRDA:70,6,0,0
BRDA:75,7,0,0
BRDA:81,8,0,0
BRDA:86,9,0,0
BRDA:105,10,0,0
BRDA:109,11,0,0
BRDA:114,12,0,0
BRDA:121,13,0,0
BRDA:125,14,0,0
BRDA:125,15,0,1
BRDA:125,15,1,1
BRDA:142,16,0,0
BRDA:146,17,0,0
BRDA:151,18,0,0
BRDA:158,19,0,0
BRDA:162,20,0,3
BRDA:162,21,0,6
BRDA:162,21,1,6
BRDA:169,22,0,0
BRDA:196,23,0,11
BRDA:196,23,1,10
BRDA:197,24,0,1
BRDA:201,25,0,0
BRDA:207,26,0,1
BRF:33
BRH:15
end_of_record
TN:
SF:src\controllers\base_controller.ts
FN:6,(anonymous_8)
FN:10,(anonymous_9)
FN:30,(anonymous_11)
FN:42,(anonymous_13)
FN:61,(anonymous_15)
FN:74,(anonymous_17)
FN:87,(anonymous_19)
FNF:7
FNH:7
FNDA:6,(anonymous_8)
FNDA:2,(anonymous_9)
FNDA:7,(anonymous_11)
FNDA:4,(anonymous_13)
FNDA:1,(anonymous_15)
FNDA:1,(anonymous_17)
FNDA:1,(anonymous_19)
DA:2,3
DA:7,6
DA:11,2
DA:12,2
DA:13,2
DA:14,0
DA:15,0
DA:16,0
DA:17,0
DA:18,0
DA:21,2
DA:22,2
DA:25,0
DA:26,0
DA:31,7
DA:32,7
DA:33,7
DA:34,5
DA:36,2
DA:37,2
DA:43,4
DA:45,4
DA:46,1
DA:48,3
DA:49,3
DA:50,3
DA:51,3
DA:52,1
DA:54,2
DA:56,0
DA:57,0
DA:62,1
DA:63,1
DA:64,1
DA:65,1
DA:66,0
DA:68,1
DA:70,0
DA:75,1
DA:76,1
DA:77,1
DA:78,1
DA:79,0
DA:81,1
DA:83,0
DA:88,1
DA:89,1
DA:90,1
DA:91,1
DA:92,0
DA:93,1
DA:95,0
DA:99,3
LF:53
LH:38
BRDA:13,0,0,0
BRDA:13,0,1,2
BRDA:16,1,0,0
BRDA:45,2,0,1
BRDA:51,3,0,1
BRDA:65,4,0,0
BRDA:78,5,0,0
BRDA:91,6,0,0
BRF:8
BRH:3
end_of_record
TN:
SF:src\controllers\comments_controller.ts
FNF:0
FNH:0
DA:1,3
DA:3,3
DA:5,3
DA:7,3
LF:4
LH:4
BRF:0
BRH:0
end_of_record
TN:
SF:src\controllers\posts_controller.ts
FN:7,(anonymous_8)
FN:11,(anonymous_9)
FNF:2
FNH:2
FNDA:3,(anonymous_8)
FNDA:5,(anonymous_9)
DA:1,3
DA:3,3
DA:8,3
DA:12,5
DA:13,5
DA:17,5
DA:18,5
DA:22,3
LF:8
LH:8
BRF:0
BRH:0
end_of_record
TN:
SF:src\models\comment_model.ts
FNF:0
FNH:0
DA:1,3
DA:9,3
DA:23,3
DA:25,3
LF:4
LH:4
BRF:0
BRH:0
end_of_record
TN:
SF:src\models\posts_model.ts
FNF:0
FNH:0
DA:1,3
DA:9,3
DA:24,3
DA:26,3
LF:4
LH:4
BRF:0
BRH:0
end_of_record
TN:
SF:src\models\users_model.ts
FNF:0
FNH:0
DA:1,3
DA:3,3
DA:31,3
DA:33,3
LF:4
LH:4
BRF:0
BRH:0
end_of_record
TN:
SF:src\routes\auth_routes.ts
FNF:0
FNH:0
DA:1,3
DA:2,3
DA:4,3
DA:6,3
DA:8,3
DA:10,3
DA:12,3
DA:14,3
LF:8
LH:8
BRF:0
BRH:0
end_of_record
TN:
SF:src\routes\comments_routes.ts
FN:6,(anonymous_1)
FN:12,(anonymous_2)
FN:16,(anonymous_3)
FN:20,(anonymous_4)
FNF:4
FNH:2
FNDA:1,(anonymous_1)
FNDA:2,(anonymous_2)
FNDA:0,(anonymous_3)
FNDA:0,(anonymous_4)
DA:1,3
DA:2,3
DA:3,3
DA:4,3
DA:6,3
DA:7,1
DA:10,3
DA:12,3
DA:13,2
DA:16,3
DA:17,0
DA:20,3
DA:21,0
DA:24,3
LF:14
LH:12
BRF:0
BRH:0
end_of_record
TN:
SF:src\routes\posts_routes.ts
FN:6,(anonymous_8)
FN:6,(anonymous_9)
FN:16,(anonymous_10)
FN:20,(anonymous_11)
FN:24,(anonymous_12)
FNF:5
FNH:5
FNDA:2,(anonymous_8)
FNDA:2,(anonymous_9)
FNDA:1,(anonymous_10)
FNDA:2,(anonymous_11)
FNDA:1,(anonymous_12)
DA:1,3
DA:2,3
DA:3,3
DA:4,3
DA:6,3
DA:7,2
DA:8,1
DA:10,1
DA:14,3
DA:16,3
DA:17,1
DA:20,3
DA:21,2
DA:24,3
DA:25,1
DA:28,3
LF:16
LH:16
BRDA:7,0,0,1
BRDA:7,0,1,1
BRF:2
BRH:2
end_of_record
