TN:
SF:src\server.ts
FN:37,(anonymous_8)
FN:37,(anonymous_9)
FN:38,(anonymous_10)
FN:40,(anonymous_11)
FN:41,(anonymous_12)
FN:50,(anonymous_13)
FN:52,(anonymous_14)
FNF:7
FNH:5
FNDA:3,(anonymous_8)
FNDA:3,(anonymous_9)
FNDA:3,(anonymous_10)
FNDA:0,(anonymous_11)
FNDA:3,(anonymous_12)
FNDA:3,(anonymous_13)
FNDA:0,(anonymous_14)
DA:1,3
DA:2,3
DA:3,3
DA:4,3
DA:5,3
DA:6,3
DA:7,3
DA:8,3
DA:9,3
DA:10,3
DA:12,3
DA:14,3
DA:15,3
DA:16,3
DA:17,3
DA:18,3
DA:20,3
DA:33,3
DA:34,3
DA:37,3
DA:38,3
DA:39,3
DA:40,3
DA:41,3
DA:42,3
DA:45,3
DA:46,0
DA:47,0
DA:50,3
DA:51,3
DA:53,0
DA:54,0
DA:59,3
LF:33
LH:29
BRDA:45,0,0,0
BRDA:45,0,1,3
BRF:2
BRH:1
end_of_record
TN:
SF:src\controllers\auth_controller.ts
FN:6,register
FN:38,(anonymous_10)
FN:61,login
FN:103,(anonymous_13)
FN:103,(anonymous_14)
FN:113,(anonymous_15)
FN:113,(anonymous_16)
FN:131,(anonymous_17)
FN:140,(anonymous_18)
FN:140,(anonymous_19)
FN:150,(anonymous_20)
FN:150,(anonymous_21)
FN:175,(anonymous_22)
FN:193,(anonymous_23)
FN:206,(anonymous_24)
FNF:15
FNH:15
FNDA:6,register
FNDA:10,(anonymous_10)
FNDA:10,login
FNDA:1,(anonymous_13)
FNDA:1,(anonymous_14)
FNDA:1,(anonymous_15)
FNDA:1,(anonymous_16)
FNDA:1,(anonymous_17)
FNDA:6,(anonymous_18)
FNDA:6,(anonymous_19)
FNDA:6,(anonymous_20)
FNDA:6,(anonymous_21)
FNDA:4,(anonymous_22)
FNDA:15,(anonymous_23)
FNDA:14,(anonymous_24)
DA:2,3
DA:3,3
DA:4,3
DA:8,6
DA:9,6
DA:10,6
DA:11,6
DA:12,1
DA:13,1
DA:15,5
DA:16,5
DA:17,5
DA:18,2
DA:19,2
DA:21,3
DA:22,3
DA:24,3
DA:29,3
DA:30,3
DA:32,0
DA:33,0
DA:34,0
DA:38,3
DA:39,10
DA:40,0
DA:42,10
DA:43,10
DA:51,10
DA:58,10
DA:62,10
DA:63,10
DA:64,10
DA:65,1
DA:66,1
DA:68,9
DA:69,9
DA:70,9
DA:71,1
DA:72,1
DA:74,8
DA:75,8
DA:76,1
DA:77,1
DA:79,7
DA:80,7
DA:81,7
DA:82,0
DA:83,0
DA:86,7
DA:87,0
DA:89,7
DA:90,7
DA:92,7
DA:99,0
DA:103,3
DA:104,1
DA:105,1
DA:106,0
DA:107,0
DA:109,1
DA:110,0
DA:111,0
DA:113,1
DA:114,1
DA:115,0
DA:116,0
DA:118,1
DA:119,1
DA:120,1
DA:121,1
DA:122,0
DA:123,0
DA:125,1
DA:126,0
DA:127,0
DA:128,0
DA:129,0
DA:131,1
DA:132,1
DA:133,1
DA:135,0
DA:140,6
DA:141,6
DA:142,6
DA:143,0
DA:144,0
DA:146,6
DA:147,0
DA:148,0
DA:150,6
DA:151,6
DA:152,0
DA:153,0
DA:155,6
DA:156,6
DA:157,6
DA:158,6
DA:159,0
DA:160,0
DA:162,6
DA:163,3
DA:164,3
DA:165,3
DA:166,3
DA:168,3
DA:169,3
DA:170,0
DA:171,0
DA:172,0
DA:173,0
DA:175,4
DA:176,3
DA:177,3
DA:178,3
DA:185,0
DA:193,3
DA:195,15
DA:196,15
DA:197,15
DA:198,1
DA:199,1
DA:201,14
DA:202,0
DA:203,0
DA:206,14
DA:207,14
DA:208,2
DA:209,2
DA:211,12
DA:212,12
DA:216,3
DA:218,3
LF:132
LH:96
BRDA:11,0,0,1
BRDA:11,1,0,6
BRDA:11,1,1,6
BRDA:11,1,2,5
BRDA:17,2,0,2
BRDA:39,3,0,0
BRDA:64,4,0,1
BRDA:64,5,0,10
BRDA:64,5,1,10
BRDA:70,6,0,1
BRDA:75,7,0,1
BRDA:81,8,0,0
BRDA:86,9,0,0
BRDA:105,10,0,0
BRDA:109,11,0,0
BRDA:114,12,0,0
BRDA:121,13,0,0
BRDA:125,14,0,0
BRDA:125,15,0,1
BRDA:125,15,1,1
BRDA:142,16,0,0
BRDA:146,17,0,0
BRDA:151,18,0,0
BRDA:158,19,0,0
BRDA:162,20,0,3
BRDA:162,21,0,6
BRDA:162,21,1,6
BRDA:169,22,0,0
BRDA:196,23,0,15
BRDA:196,23,1,14
BRDA:197,24,0,1
BRDA:201,25,0,0
BRDA:207,26,0,2
BRF:33
BRH:19
end_of_record
TN:
SF:src\controllers\base_controller.ts
FN:6,(anonymous_8)
FN:10,(anonymous_9)
FN:30,(anonymous_11)
FN:42,(anonymous_13)
FN:61,(anonymous_15)
FN:74,(anonymous_17)
FN:87,(anonymous_19)
FNF:7
FNH:7
FNDA:6,(anonymous_8)
FNDA:3,(anonymous_9)
FNDA:7,(anonymous_11)
FNDA:5,(anonymous_13)
FNDA:3,(anonymous_15)
FNDA:2,(anonymous_17)
FNDA:1,(anonymous_19)
DA:2,3
DA:7,6
DA:11,3
DA:12,3
DA:13,3
DA:14,0
DA:15,0
DA:16,0
DA:17,0
DA:18,0
DA:21,3
DA:22,3
DA:25,0
DA:26,0
DA:31,7
DA:32,7
DA:33,7
DA:34,5
DA:36,2
DA:37,2
DA:43,5
DA:45,5
DA:46,1
DA:48,4
DA:49,4
DA:50,4
DA:51,4
DA:52,2
DA:54,2
DA:56,0
DA:57,0
DA:62,3
DA:63,3
DA:64,3
DA:65,2
DA:66,0
DA:68,2
DA:70,1
DA:75,2
DA:76,2
DA:77,2
DA:78,2
DA:79,0
DA:81,2
DA:83,0
DA:88,1
DA:89,1
DA:90,1
DA:91,1
DA:92,0
DA:93,1
DA:95,0
DA:99,3
LF:53
LH:39
BRDA:13,0,0,0
BRDA:13,0,1,3
BRDA:16,1,0,0
BRDA:45,2,0,1
BRDA:51,3,0,2
BRDA:65,4,0,0
BRDA:78,5,0,0
BRDA:91,6,0,0
BRF:8
BRH:3
end_of_record
TN:
SF:src\controllers\comments_controller.ts
FNF:0
FNH:0
DA:1,3
DA:2,3
DA:4,3
DA:6,3
LF:4
LH:4
BRF:0
BRH:0
end_of_record
TN:
SF:src\controllers\posts_controller.ts
FN:7,(anonymous_8)
FN:11,(anonymous_9)
FNF:2
FNH:2
FNDA:3,(anonymous_8)
FNDA:5,(anonymous_9)
DA:1,3
DA:3,3
DA:8,3
DA:12,5
DA:13,5
DA:17,5
DA:18,5
DA:22,3
LF:8
LH:8
BRF:0
BRH:0
end_of_record
TN:
SF:src\models\comment_model.ts
FNF:0
FNH:0
DA:1,3
DA:9,3
DA:23,3
DA:25,3
LF:4
LH:4
BRF:0
BRH:0
end_of_record
TN:
SF:src\models\posts_model.ts
FNF:0
FNH:0
DA:1,3
DA:9,3
DA:24,3
DA:26,3
LF:4
LH:4
BRF:0
BRH:0
end_of_record
TN:
SF:src\models\users_model.ts
FNF:0
FNH:0
DA:1,3
DA:3,3
DA:31,3
DA:33,3
LF:4
LH:4
BRF:0
BRH:0
end_of_record
TN:
SF:src\routes\auth_routes.ts
FNF:0
FNH:0
DA:1,3
DA:2,3
DA:4,3
DA:92,3
DA:130,3
DA:172,3
DA:201,3
DA:203,3
LF:8
LH:8
BRF:0
BRH:0
end_of_record
TN:
SF:src\routes\comments_routes.ts
FN:65,(anonymous_1)
FN:142,(anonymous_2)
FN:183,(anonymous_3)
FN:211,(anonymous_4)
FNF:4
FNH:4
FNDA:1,(anonymous_1)
FNDA:3,(anonymous_2)
FNDA:1,(anonymous_3)
FNDA:1,(anonymous_4)
DA:1,3
DA:2,3
DA:3,3
DA:4,3
DA:65,3
DA:66,1
DA:111,3
DA:142,3
DA:143,3
DA:183,3
DA:184,1
DA:211,3
DA:212,1
DA:215,3
LF:14
LH:14
BRF:0
BRH:0
end_of_record
TN:
SF:src\routes\posts_routes.ts
FN:63,(anonymous_8)
FN:63,(anonymous_9)
FN:149,(anonymous_10)
FN:181,(anonymous_11)
FN:211,(anonymous_12)
FNF:5
FNH:5
FNDA:3,(anonymous_8)
FNDA:3,(anonymous_9)
FNDA:2,(anonymous_10)
FNDA:2,(anonymous_11)
FNDA:1,(anonymous_12)
DA:1,3
DA:2,3
DA:3,3
DA:4,3
DA:63,3
DA:64,3
DA:65,1
DA:67,2
DA:110,3
DA:149,3
DA:150,2
DA:181,3
DA:182,2
DA:211,3
DA:212,1
DA:215,3
LF:16
LH:16
BRDA:64,0,0,1
BRDA:64,0,1,2
BRF:2
BRH:2
end_of_record
